<?xml version="1.0" encoding="UTF-8"?>
<!-- Generated by org.testng.reporters.JUnitXMLReporter -->
<testsuite ignored="0" hostname="LAPTOP-71SFUCUL" failures="2" tests="3" name="Test" time="5.89" errors="0" timestamp="2021-05-23T20:03:15 EDT">
  <testcase classname="test.Ntest" name="browser" time="3.236"/>
  <testcase classname="test.Ntest" name="verifycustomerservice" time="2.021">
    <failure type="java.lang.NullPointerException" message="Cannot invoke &amp;quot;org.openqa.selenium.WebDriver.findElement(org.openqa.selenium.By)&amp;quot; because &amp;quot;this.driver&amp;quot; is null">
      <![CDATA[java.lang.NullPointerException: Cannot invoke "org.openqa.selenium.WebDriver.findElement(org.openqa.selenium.By)" because "this.driver" is null
at pages.Customerservice.clickCustomerservice(Customerservice.java:11)
at test.Ntest.verifycustomerservice(Ntest.java:56)
at java.base/java.util.ArrayList.forEach(ArrayList.java:1511)
... Removed 27 stack frames]]>
    </failure>
  </testcase> <!-- verifycustomerservice -->
  <testcase classname="test.Ntest" name="verifyScreen" time="0.006">
    <failure type="java.lang.AssertionError" message="expected [true] but found [false]">
      <![CDATA[java.lang.AssertionError: expected [true] but found [false]
at test.Ntest.verifyScreen(Ntest.java:62)
at java.base/java.util.ArrayList.forEach(ArrayList.java:1511)
... Removed 31 stack frames]]>
    </failure>
  </testcase> <!-- verifyScreen -->
</testsuite> <!-- Test -->
