<?xml version="1.0" encoding="UTF-8"?>
<testng-results ignored="2" total="3" passed="1" failed="0" skipped="0">
  <reporter-output>
  </reporter-output>
  <suite started-at="2021-05-12T22:13:18 EDT" name="Suite" finished-at="2021-05-12T22:13:22 EDT" duration-ms="3749">
    <groups>
      <group name="smoke">
        <method signature="Qa.verifytitle()[pri:0, instance:Test.Qa@7ce3cb8e]" name="verifytitle" class="Test.Qa"/>
      </group> <!-- smoke -->
    </groups>
    <test started-at="2021-05-12T22:13:18 EDT" name="Test" finished-at="2021-05-12T22:13:22 EDT" duration-ms="3749">
      <class name="Test.Qa">
        <test-method is-config="true" signature="browser()[pri:0, instance:Test.Qa@7ce3cb8e]" started-at="2021-05-12T22:13:18 EDT" name="browser" finished-at="2021-05-12T22:13:22 EDT" duration-ms="3693" status="PASS">
          <reporter-output>
          </reporter-output>
        </test-method> <!-- browser -->
        <test-method signature="verifytitle()[pri:0, instance:Test.Qa@7ce3cb8e]" started-at="2021-05-12T22:13:22 EDT" name="verifytitle" finished-at="2021-05-12T22:13:22 EDT" duration-ms="14" status="PASS">
          <reporter-output>
          </reporter-output>
        </test-method> <!-- verifytitle -->
      </class> <!-- Test.Qa -->
    </test> <!-- Test -->
  </suite> <!-- Suite -->
</testng-results>
