<?xml version="1.0" encoding="UTF-8"?>
<testng-results ignored="0" total="1" passed="1" failed="0" skipped="0">
  <reporter-output>
  </reporter-output>
  <suite started-at="2021-05-16T01:29:41 EDT" name="Default suite" finished-at="2021-05-16T01:29:42 EDT" duration-ms="806">
    <groups>
    </groups>
    <test started-at="2021-05-16T01:29:41 EDT" name="Default test" finished-at="2021-05-16T01:29:42 EDT" duration-ms="806">
      <class name="test.Excelconfig">
        <test-method signature="excelRead()[pri:0, instance:test.Excelconfig@161479c6]" started-at="2021-05-16T01:29:41 EDT" name="excelRead" finished-at="2021-05-16T01:29:42 EDT" duration-ms="745" status="PASS">
          <reporter-output>
          </reporter-output>
        </test-method> <!-- excelRead -->
      </class> <!-- test.Excelconfig -->
    </test> <!-- Default test -->
  </suite> <!-- Default suite -->
</testng-results>
