<?xml version="1.0" encoding="UTF-8"?>
<testng-results ignored="0" total="1" passed="1" failed="0" skipped="0">
  <reporter-output>
  </reporter-output>
  <suite started-at="2021-05-22T12:52:48 EDT" name="Default suite" finished-at="2021-05-22T12:52:55 EDT" duration-ms="7925">
    <groups>
    </groups>
    <test started-at="2021-05-22T12:52:48 EDT" name="Default test" finished-at="2021-05-22T12:52:55 EDT" duration-ms="7925">
      <class name="assignment.Amazon">
        <test-method is-config="true" signature="browser()[pri:0, instance:assignment.Amazon@1a04f701]" started-at="2021-05-22T12:52:48 EDT" name="browser" finished-at="2021-05-22T12:52:51 EDT" duration-ms="3165" status="PASS">
          <reporter-output>
          </reporter-output>
        </test-method> <!-- browser -->
        <test-method signature="mouseon()[pri:0, instance:assignment.Amazon@1a04f701]" started-at="2021-05-22T12:52:51 EDT" name="mouseon" finished-at="2021-05-22T12:52:55 EDT" duration-ms="4699" status="PASS">
          <reporter-output>
          </reporter-output>
        </test-method> <!-- mouseon -->
      </class> <!-- assignment.Amazon -->
    </test> <!-- Default test -->
  </suite> <!-- Default suite -->
</testng-results>
