<?xml version="1.0" encoding="UTF-8"?>
<!-- Generated by org.testng.reporters.JUnitXMLReporter -->
<testsuite ignored="2" hostname="LAPTOP-71SFUCUL" failures="0" tests="1" name="Test" time="3.749" errors="0" timestamp="2021-05-12T22:13:22 EDT">
  <testcase classname="Test.Qa" name="verifytitle" time="0.014"/>
  <testcase classname="Test.Qa" name="entePassword" time="0.0">
    <ignored/>
  </testcase> <!-- entePassword -->
  <testcase classname="Test.Qa" name="enterEmail" time="0.0">
    <ignored/>
  </testcase> <!-- enterEmail -->
</testsuite> <!-- Test -->
